0 info it worked if it ends with ok
1 verbose cli [ '/home/user/.nvm/versions/node/v6.10.0/bin/node',
1 verbose cli   '/home/user/.nvm/versions/node/v6.10.0/bin/npm',
1 verbose cli   'run',
1 verbose cli   'test:debug' ]
2 info using npm@3.10.10
3 info using node@v6.10.0
4 verbose run-script [ 'pretest:debug', 'test:debug', 'posttest:debug' ]
5 info lifecycle conventional-changelog-release-me@1.0.1~pretest:debug: conventional-changelog-release-me@1.0.1
6 silly lifecycle conventional-changelog-release-me@1.0.1~pretest:debug: no script for pretest:debug, continuing
7 info lifecycle conventional-changelog-release-me@1.0.1~test:debug: conventional-changelog-release-me@1.0.1
8 verbose lifecycle conventional-changelog-release-me@1.0.1~test:debug: unsafe-perm in lifecycle true
9 verbose lifecycle conventional-changelog-release-me@1.0.1~test:debug: PATH: /home/user/.nvm/versions/node/v6.10.0/lib/node_modules/npm/bin/node-gyp-bin:/home/user/Documents/conventional-changelog-release-me/node_modules/.bin:/home/user/.nvm/versions/node/v6.10.0/bin:/home/user/bin:/home/user/.local/bin:/usr/local/sbin:/usr/local/bin:/usr/sbin:/usr/bin:/sbin:/bin:/usr/games:/usr/local/games:/snap/bin:/snap/bin
10 verbose lifecycle conventional-changelog-release-me@1.0.1~test:debug: CWD: /home/user/Documents/conventional-changelog-release-me
11 silly lifecycle conventional-changelog-release-me@1.0.1~test:debug: Args: [ '-c', 'DEBUG=mocha npm t' ]
12 silly lifecycle conventional-changelog-release-me@1.0.1~test:debug: Returned: code: 1  signal: null
13 info lifecycle conventional-changelog-release-me@1.0.1~test:debug: Failed to exec test:debug script
14 verbose stack Error: conventional-changelog-release-me@1.0.1 test:debug: `DEBUG=mocha npm t`
14 verbose stack Exit status 1
14 verbose stack     at EventEmitter.<anonymous> (/home/user/.nvm/versions/node/v6.10.0/lib/node_modules/npm/lib/utils/lifecycle.js:255:16)
14 verbose stack     at emitTwo (events.js:106:13)
14 verbose stack     at EventEmitter.emit (events.js:191:7)
14 verbose stack     at ChildProcess.<anonymous> (/home/user/.nvm/versions/node/v6.10.0/lib/node_modules/npm/lib/utils/spawn.js:40:14)
14 verbose stack     at emitTwo (events.js:106:13)
14 verbose stack     at ChildProcess.emit (events.js:191:7)
14 verbose stack     at maybeClose (internal/child_process.js:877:16)
14 verbose stack     at Process.ChildProcess._handle.onexit (internal/child_process.js:226:5)
15 verbose pkgid conventional-changelog-release-me@1.0.1
16 verbose cwd /home/user/Documents/conventional-changelog-release-me
17 error Linux 4.4.0-78-generic
18 error argv "/home/user/.nvm/versions/node/v6.10.0/bin/node" "/home/user/.nvm/versions/node/v6.10.0/bin/npm" "run" "test:debug"
19 error node v6.10.0
20 error npm  v3.10.10
21 error code ELIFECYCLE
22 error conventional-changelog-release-me@1.0.1 test:debug: `DEBUG=mocha npm t`
22 error Exit status 1
23 error Failed at the conventional-changelog-release-me@1.0.1 test:debug script 'DEBUG=mocha npm t'.
23 error Make sure you have the latest version of node.js and npm installed.
23 error If you do, this is most likely a problem with the conventional-changelog-release-me package,
23 error not with npm itself.
23 error Tell the author that this fails on your system:
23 error     DEBUG=mocha npm t
23 error You can get information on how to open an issue for this project with:
23 error     npm bugs conventional-changelog-release-me
23 error Or if that isn't available, you can get their info via:
23 error     npm owner ls conventional-changelog-release-me
23 error There is likely additional logging output above.
24 verbose exit [ 1, true ]
